X Vals

1
1
0
1
1
-1
-1
1
1
2
1
2
2
2
0
1
2
1
2
1
0
1
1
1
2
1
1
0
1
2
4
0
-1
2
3
1
1
3
2
1
2
3
1
3
3
2
2
1
5
1
2
0
3
2
1
2
2
3
2
-1
2
4
3
-3
0
-2
3
1
8
0
-2
2
1
2
1
2
3
0
0
-4
1
1
2
3
-2
0
4
-3
-2
1
3
2
-2
0
-2
4
-1
3
0
3
0
-2
-3
-1
4
2
2
2
0
2
-3
9
-1
-1
7
-1
-5
-2
6
3
3
-2
2
-1
3
1
3
-4
8
1
1
1
0
1
2
6
4
0
-3
0
4
2
2
3
0
8
-1
-2
-3
0
-2
4
2
-3
-1
0
2
1
0
-4
1
9
0
-6
-1
3
0
-1
-3
-1
5
3
2
-5
1
5
-1
-2
2
-2
-2
1
1
0
2
3
-1
0
-1
0
1
-5
2
1
0
0
0
1
2
-1
Y Vals

2
-1
-1
0
-1
-1
-1
-1
1
-2
-1
1
0
-1
-4
-2
-1
-2
-1
0
-1
-1
-1
-2
0
0
-1
-2
-2
-1
0
-2
0
0
-3
-2
-1
-2
-1
-2
-2
0
-1
0
0
-1
1
-2
0
0
-1
-2
0
1
0
0
0
2
0
0
0
2
-2
2
1
-1
0
-1
1
-2
2
3
-4
3
-1
0
3
-3
3
1
0
1
0
-1
0
1
-3
0
2
2
0
-3
-1
-1
-1
-1
0
1
-1
-1
-2
0
0
-1
0
-2
2
0
-2
0
-1
2
-3
2
1
-4
2
-2
0
0
3
-2
1
-1
2
-1
2
0
0
2
1
0
0
1
0
1
0
1
0
-4
5
3
-4
0
1
-1
-2
3
-1
2
-3
-4
2
1
-1
0
2
1
-3
1
1
-3
1
-1
0
-1
-1
-1
1
0
0
1
1
-2
-1
-1
1
1
-1
0
0
0
0
0
-1
-1
0
-1
0
0
0
0
1
1
-1
-1
-1
0
0
0
Z Vals

-1
121
121
121
121
121
121
121
121
121
121
120
122
122
121
122
120
122
120
122
122
122
121
121
121
121
122
121
121
122
121
121
122
122
121
122
121
121
121
121
122
121
121
122
120
121
121
121
122
122
120
121
121
121
123
120
123
121
122
122
121
122
121
121
122
122
123
120
120
121
121
118
121
123
122
124
123
122
122
122
122
121
125
123
123
121
120
120
122
122
125
120
122
120
121
120
123
121
124
119
121
120
121
121
126
122
121
121
120
120
122
122
122
119
120
122
121
120
124
121
123
120
121
122
121
121
122
122
120
121
119
122
123
122
121
120
120
121
122
121
122
123
120
120
120
121
123
122
122
118
118
119
122
122
123
122
121
121
121
122
122
120
121
120
121
121
122
122
122
122
122
122
120
121
122
122
121
121
121
120
120
121
121
121
120
124
120
121
121
121
121
124
121
120
121
121
121
121
122
121
